<?xml version="1.0" encoding="UTF-8"?>
<!-- Generated by org.testng.reporters.JUnitReportReporter -->
<testsuite hostname="LAPTOP-7F2FE8EN" failures="0" tests="3" name="com.ecommerce.automation.tests.LoginDataTest" time="6.215" errors="0" timestamp="2025-09-05T04:31:38 EDT" skipped="0">
  <testcase classname="com.ecommerce.automation.tests.LoginDataTest" name="loginScenarios" time="2.021"/>
  <testcase classname="com.ecommerce.automation.tests.LoginDataTest" name="loginScenarios" time="2.118"/>
  <testcase classname="com.ecommerce.automation.tests.LoginDataTest" name="loginScenarios" time="2.076"/>
</testsuite> <!-- com.ecommerce.automation.tests.LoginDataTest -->
