<?xml version="1.0" encoding="UTF-8"?>
<!-- Generated by org.testng.reporters.JUnitReportReporter -->
<testsuite hostname="LAPTOP-7F2FE8EN" failures="0" tests="2" name="com.ecommerce.automation.tests.AcceptanceTest" time="11.264" errors="0" timestamp="2025-09-05T04:31:38 EDT" skipped="0">
  <testcase classname="com.ecommerce.automation.tests.AcceptanceTest" name="fullPurchaseFlow" time="7.645"/>
  <testcase classname="com.ecommerce.automation.tests.AcceptanceTest" name="invalidLoginShowsError" time="3.619"/>
</testsuite> <!-- com.ecommerce.automation.tests.AcceptanceTest -->
